<?xml version="1.0" encoding="UTF-8"?>
<testsuite xmlns:xsi="http://www.w3.org/2001/XMLSchema-instance" xsi:noNamespaceSchemaLocation="https://maven.apache.org/surefire/maven-surefire-plugin/xsd/surefire-test-report-3.0.xsd" version="3.0" name="edu.citadel.MatchmakingRunner" time="0.795" tests="4" errors="0" skipped="0" failures="0">
  <properties>
[...]
</properties>
  <testcase name="Create a new container for queued user ids" classname="Matchmaking queue container management" time="0.083">
    <system-out><![CDATA[
Scenario: Create a new container for queued user ids &amp#27;[90m# src/test/resources/features/matchmaking.feature:9&amp#27;[0m
  &amp#27;[32mGiven &amp#27;[0m&amp#27;[32mno matchmaking container exists&amp#27;[0m              &amp#27;[90m# edu.citadel.MatchmakingSteps.noMatchmakingContainerExists()&amp#27;[0m
  &amp#27;[32mWhen &amp#27;[0m&amp#27;[32mI create a matchmaking container&amp#27;[0m              &amp#27;[90m# edu.citadel.MatchmakingSteps.iCreateAMatchmakingContainer()&amp#27;[0m
  &amp#27;[32mThen &amp#27;[0m&amp#27;[32ma matchmaking container exists&amp#27;[0m                &amp#27;[90m# edu.citadel.MatchmakingSteps.aMatchmakingContainerExists()&amp#27;[0m
]]></system-out>
  </testcase>
  <testcase name="Read first and last user ids for random pairing" classname="Matchmaking queue container management" time="0.017">
    <system-out><![CDATA[
Scenario: Read first and last user ids for random pairing &amp#27;[90m# src/test/resources/features/matchmaking.feature:14&amp#27;[0m
  &amp#27;[32mGiven &amp#27;[0m&amp#27;[32ma matchmaking container exists&amp#27;[0m                    &amp#27;[90m# edu.citadel.MatchmakingSteps.aMatchmakingContainerExists()&amp#27;[0m
  &amp#27;[32mAnd &amp#27;[0m&amp#27;[32mthe container has user ids &amp#27;[0m&amp#27;[32m&amp#27;[1m100&amp#27;[0m&amp#27;[32m, &amp#27;[0m&amp#27;[32m&amp#27;[1m200&amp#27;[0m&amp#27;[32m, and &amp#27;[0m&amp#27;[32m&amp#27;[1m300&amp#27;[0m        &amp#27;[90m# edu.citadel.MatchmakingSteps.theContainerHasUserIds(int,int,int)&amp#27;[0m
  &amp#27;[32mWhen &amp#27;[0m&amp#27;[32mI read the first and last ids for pairing&amp#27;[0m          &amp#27;[90m# edu.citadel.MatchmakingSteps.iRequestTheFirstAndLastUserIds()&amp#27;[0m
  &amp#27;[32mThen &amp#27;[0m&amp#27;[32mI have the first user id &amp#27;[0m&amp#27;[32m&amp#27;[1m100&amp#27;[0m                       &amp#27;[90m# edu.citadel.MatchmakingSteps.theFirstUserIdIs(int)&amp#27;[0m
  &amp#27;[32mAnd &amp#27;[0m&amp#27;[32mI have the last user id &amp#27;[0m&amp#27;[32m&amp#27;[1m300&amp#27;[0m                         &amp#27;[90m# edu.citadel.MatchmakingSteps.theLastUserIdIs(int)&amp#27;[0m
]]></system-out>
  </testcase>
  <testcase name="Check whether container is empty before cleanup" classname="Matchmaking queue container management" time="0.006">
    <system-out><![CDATA[
Scenario: Check whether container is empty before cleanup &amp#27;[90m# src/test/resources/features/matchmaking.feature:21&amp#27;[0m
  &amp#27;[32mGiven &amp#27;[0m&amp#27;[32ma queue container exists with no waiting user ids&amp#27;[0m &amp#27;[90m# edu.citadel.MatchmakingSteps.theContainerHasNoUserIds()&amp#27;[0m
  &amp#27;[32mWhen &amp#27;[0m&amp#27;[32mI evaluate whether the queue container is empty&amp#27;[0m    &amp#27;[90m# edu.citadel.MatchmakingSteps.iCheckWhetherTheContainerIsEmpty()&amp#27;[0m
  &amp#27;[32mThen &amp#27;[0m&amp#27;[32mthe queue container reports empty status&amp#27;[0m           &amp#27;[90m# edu.citadel.MatchmakingSteps.theContainerIsEmpty()&amp#27;[0m
  &amp#27;[32mAnd &amp#27;[0m&amp#27;[32mI can remove the container associations&amp#27;[0m             &amp#27;[90m# edu.citadel.MatchmakingSteps.iRemoveTheEmptyContainer()&amp#27;[0m
]]></system-out>
  </testcase>
  <testcase name="I can check the size of a container to estimate wait time" classname="Matchmaking queue container management" time="0.011">
    <system-out><![CDATA[
Scenario: I can check the size of a container to estimate wait time &amp#27;[90m# src/test/resources/features/matchmaking.feature:27&amp#27;[0m
  &amp#27;[32mGiven &amp#27;[0m&amp#27;[32mI have a container with &amp#27;[0m&amp#27;[32m&amp#27;[1m4&amp#27;[0m&amp#27;[32m user id references waiting&amp#27;[0m        &amp#27;[90m# edu.citadel.MatchmakingSteps.iHaveAContainerWithUserIdReferencesWaiting(int)&amp#27;[0m
  &amp#27;[32mWhen &amp#27;[0m&amp#27;[32mI check the size of the container&amp#27;[0m                            &amp#27;[90m# edu.citadel.MatchmakingSteps.iCheckTheSizeOfTheContainer()&amp#27;[0m
  &amp#27;[32mThen &amp#27;[0m&amp#27;[32mI have the container size of &amp#27;[0m&amp#27;[32m&amp#27;[1m4&amp#27;[0m                               &amp#27;[90m# edu.citadel.MatchmakingSteps.theContainerSizeIs(int)&amp#27;[0m
  &amp#27;[32mAnd &amp#27;[0m&amp#27;[32mI can calculate an estimated wait time from the size&amp#27;[0m          &amp#27;[90m# edu.citadel.MatchmakingSteps.iCanCalculateAnEstimatedWaitTimeFromTheSize()&amp#27;[0m
]]></system-out>
  </testcase>
</testsuite>