<?xml version="1.0" encoding="UTF-8"?>
<testsuite xmlns:xsi="http://www.w3.org/2001/XMLSchema-instance" xsi:noNamespaceSchemaLocation="https://maven.apache.org/surefire/maven-surefire-plugin/xsd/surefire-test-report-3.0.xsd" version="3.0" name="edu.citadel.DequeTest" time="0.059" tests="32" errors="0" skipped="0" failures="0">
  <properties>
[...]
</properties>
  <testcase name="testIteratorRemoveException" classname="edu.citadel.DequeTest" time="0.003"/>
  <testcase name="testRemoveSecondTooSmall" classname="edu.citadel.DequeTest" time="0.0"/>
  <testcase name="testRemoveSecondSingleItem" classname="edu.citadel.DequeTest" time="0.0"/>
  <testcase name="testAddLast" classname="edu.citadel.DequeTest" time="0.0"/>
  <testcase name="testIteratorMethod" classname="edu.citadel.DequeTest" time="0.0"/>
  <testcase name="testIndependentIterators" classname="edu.citadel.DequeTest" time="0.0"/>
  <testcase name="testIsEmptyAfterAddFirst" classname="edu.citadel.DequeTest" time="0.001"/>
  <testcase name="testSizeAfterAddFirstRemoveFirst" classname="edu.citadel.DequeTest" time="0.0"/>
  <testcase name="testRemoveFirstSingleItem2" classname="edu.citadel.DequeTest" time="0.0"/>
  <testcase name="testRemoveLastSingleItem1" classname="edu.citadel.DequeTest" time="0.0"/>
  <testcase name="testRemoveLastSingleItem2" classname="edu.citadel.DequeTest" time="0.0"/>
  <testcase name="testAddFirst" classname="edu.citadel.DequeTest" time="0.001"/>
  <testcase name="testRemoveLastEmpty" classname="edu.citadel.DequeTest" time="0.0"/>
  <testcase name="testRemoveFirstEmpty" classname="edu.citadel.DequeTest" time="0.0"/>
  <testcase name="testRemoveFirstSingleItem" classname="edu.citadel.DequeTest" time="0.0"/>
  <testcase name="testRemoveFirstMultiItem1" classname="edu.citadel.DequeTest" time="0.001"/>
  <testcase name="testRemoveFirstMultiItem2" classname="edu.citadel.DequeTest" time="0.0"/>
  <testcase name="testRemoveFirstMultiItem3" classname="edu.citadel.DequeTest" time="0.0"/>
  <testcase name="testRemoveFirstMultiItem4" classname="edu.citadel.DequeTest" time="0.0"/>
  <testcase name="testRemoveFirstMultiItem5" classname="edu.citadel.DequeTest" time="0.0"/>
  <testcase name="testRemoveLastMultiItem1" classname="edu.citadel.DequeTest" time="0.0"/>
  <testcase name="testRemoveLastMultiItem2" classname="edu.citadel.DequeTest" time="0.001"/>
  <testcase name="testRemoveLastMultiItem3" classname="edu.citadel.DequeTest" time="0.0"/>
  <testcase name="testRemoveLastMultiItem4" classname="edu.citadel.DequeTest" time="0.0"/>
  <testcase name="testRemoveLastMultiItem5" classname="edu.citadel.DequeTest" time="0.0"/>
  <testcase name="testIteratorMultipleItems" classname="edu.citadel.DequeTest" time="0.0"/>
  <testcase name="testSizeZero" classname="edu.citadel.DequeTest" time="0.001"/>
  <testcase name="testSizeAfterAddFirst" classname="edu.citadel.DequeTest" time="0.001"/>
  <testcase name="testIsEmpty" classname="edu.citadel.DequeTest" time="0.001"/>
  <testcase name="testREmoveSecond" classname="edu.citadel.DequeTest" time="0.0"/>
  <testcase name="testConstructor" classname="edu.citadel.DequeTest" time="0.0"/>
  <testcase name="testIsEmptyAfterAddFirstRemoveFirst" classname="edu.citadel.DequeTest" time="0.0"/>
</testsuite>