<?xml version="1.0" encoding="UTF-8"?>
<testsuite xmlns:xsi="http://www.w3.org/2001/XMLSchema-instance" xsi:noNamespaceSchemaLocation="https://maven.apache.org/surefire/maven-surefire-plugin/xsd/surefire-test-report-3.0.xsd" version="3.0" name="ChangeTest" time="0.33" tests="33" errors="0" skipped="0" failures="0">
  <properties>
[...]
</properties>
  <testcase name="testAllControlFlowPaths(int, int[])[1]" classname="ChangeTest" time="0.088"/>
  <testcase name="testAllControlFlowPaths(int, int[])[2]" classname="ChangeTest" time="0.004"/>
  <testcase name="testAllControlFlowPaths(int, int[])[3]" classname="ChangeTest" time="0.001"/>
  <testcase name="testAllControlFlowPaths(int, int[])[4]" classname="ChangeTest" time="0.003"/>
  <testcase name="testAllControlFlowPaths(int, int[])[5]" classname="ChangeTest" time="0.002"/>
  <testcase name="testAllControlFlowPaths(int, int[])[6]" classname="ChangeTest" time="0.002"/>
  <testcase name="testAllControlFlowPaths(int, int[])[7]" classname="ChangeTest" time="0.001"/>
  <testcase name="testAllControlFlowPaths(int, int[])[8]" classname="ChangeTest" time="0.001"/>
  <testcase name="testAllControlFlowPaths(int, int[])[9]" classname="ChangeTest" time="0.001"/>
  <testcase name="testAllControlFlowPaths(int, int[])[10]" classname="ChangeTest" time="0.001"/>
  <testcase name="testAllControlFlowPaths(int, int[])[11]" classname="ChangeTest" time="0.003"/>
  <testcase name="testAllControlFlowPaths(int, int[])[12]" classname="ChangeTest" time="0.001"/>
  <testcase name="testAllControlFlowPaths(int, int[])[13]" classname="ChangeTest" time="0.0"/>
  <testcase name="testAllControlFlowPaths(int, int[])[14]" classname="ChangeTest" time="0.001"/>
  <testcase name="testAllControlFlowPaths(int, int[])[15]" classname="ChangeTest" time="0.001"/>
  <testcase name="testAllControlFlowPaths(int, int[])[16]" classname="ChangeTest" time="0.001"/>
  <testcase name="testAllControlFlowPaths(int, int[])[17]" classname="ChangeTest" time="0.001"/>
  <testcase name="testAllControlFlowPaths(int, int[])[18]" classname="ChangeTest" time="0.002"/>
  <testcase name="testAllControlFlowPaths(int, int[])[19]" classname="ChangeTest" time="0.001"/>
  <testcase name="testAllControlFlowPaths(int, int[])[20]" classname="ChangeTest" time="0.0"/>
  <testcase name="testAllControlFlowPaths(int, int[])[21]" classname="ChangeTest" time="0.001"/>
  <testcase name="testAllControlFlowPaths(int, int[])[22]" classname="ChangeTest" time="0.0"/>
  <testcase name="testAllControlFlowPaths(int, int[])[23]" classname="ChangeTest" time="0.001"/>
  <testcase name="testAllControlFlowPaths(int, int[])[24]" classname="ChangeTest" time="0.001"/>
  <testcase name="testAllControlFlowPaths(int, int[])[25]" classname="ChangeTest" time="0.001"/>
  <testcase name="testAllControlFlowPaths(int, int[])[26]" classname="ChangeTest" time="0.001"/>
  <testcase name="testAllControlFlowPaths(int, int[])[27]" classname="ChangeTest" time="0.001"/>
  <testcase name="testAllControlFlowPaths(int, int[])[28]" classname="ChangeTest" time="0.0"/>
  <testcase name="testAllControlFlowPaths(int, int[])[29]" classname="ChangeTest" time="0.001"/>
  <testcase name="testAllControlFlowPaths(int, int[])[30]" classname="ChangeTest" time="0.001"/>
  <testcase name="testAllControlFlowPaths(int, int[])[31]" classname="ChangeTest" time="0.001"/>
  <testcase name="testAllControlFlowPaths(int, int[])[32]" classname="ChangeTest" time="0.0"/>
  <testcase name="testAllControlFlowPaths(int, int[])[33]" classname="ChangeTest" time="0.001"/>
</testsuite>